<?xml version="1.0" encoding="UTF-8"?>
<!-- Generated by org.testng.reporters.JUnitReportReporter -->
<testsuite hostname="DESKTOP-DO7M1Q3" failures="0" tests="1" name="com.practice.arrays.MinNumberOfSwap" time="0.023" errors="0" timestamp="2021-11-16T19:20:15 IST" skipped="0">
  <testcase classname="com.practice.arrays.MinNumberOfSwap" name="testcase1" time="0.023"/>
  <system-out/>
</testsuite> <!-- com.practice.arrays.MinNumberOfSwap -->
