<?xml version="1.0" encoding="UTF-8"?>
<!-- Generated by org.testng.reporters.JUnitReportReporter -->
<testsuite hostname="DESKTOP-DO7M1Q3" failures="0" tests="1" name="com.practice.strings.JavaSubStringComparisons" time="0.031" errors="0" timestamp="2021-11-26T22:59:42 IST" skipped="0">
  <testcase classname="com.practice.strings.JavaSubStringComparisons" name="getSmallestAndLargest" time="0.031"/>
  <system-out/>
</testsuite> <!-- com.practice.strings.JavaSubStringComparisons -->
