<?xml version="1.0" encoding="UTF-8"?>
<!-- Generated by org.testng.reporters.JUnitReportReporter -->
<testsuite hostname="DESKTOP-DO7M1Q3" failures="0" tests="1" name="com.practice.basics.DateAndTime" time="0.047" errors="0" timestamp="2021-11-26T20:11:45 IST" skipped="0">
  <testcase classname="com.practice.basics.DateAndTime" name="getDayDemo" time="0.047"/>
  <system-out/>
</testsuite> <!-- com.practice.basics.DateAndTime -->
