<?xml version="1.0" encoding="UTF-8"?>
<!-- Generated by org.testng.reporters.JUnitReportReporter -->
<testsuite hostname="DESKTOP-DO7M1Q3" failures="0" tests="1" name="com.practice.strings.AnagramUsingArrays" time="3.118" errors="0" timestamp="2021-11-27T00:10:32 IST" skipped="0">
  <testcase classname="com.practice.strings.AnagramUsingArrays" name="testCase" time="3.118"/>
  <system-out/>
</testsuite> <!-- com.practice.strings.AnagramUsingArrays -->
