<?xml version="1.0" encoding="UTF-8"?>
<!-- Generated by org.testng.reporters.JUnitReportReporter -->
<testsuite hostname="DESKTOP-DO7M1Q3" failures="0" tests="1" name="com.practice.strings.SubString" time="0.025" errors="0" timestamp="2021-12-02T00:59:28 IST" skipped="0">
  <testcase classname="com.practice.strings.SubString" name="find" time="0.025"/>
  <system-out/>
</testsuite> <!-- com.practice.strings.SubString -->
