<?xml version="1.0" encoding="UTF-8"?>
<!-- Generated by org.testng.reporters.JUnitReportReporter -->
<testsuite hostname="DESKTOP-DO7M1Q3" failures="0" tests="1" name="com.practice.arrays.NewYearChos" time="0.015" errors="0" timestamp="2021-11-16T17:45:55 IST" skipped="0">
  <testcase classname="com.practice.arrays.NewYearChos" name="testcase1" time="0.015"/>
  <system-out/>
</testsuite> <!-- com.practice.arrays.NewYearChos -->
