<?xml version="1.0" encoding="UTF-8"?>
<!-- Generated by org.testng.reporters.JUnitReportReporter -->
<testsuite hostname="DESKTOP-DO7M1Q3" failures="0" tests="1" name="com.practice.strings.SherlockAndAnagrams" time="0.014" errors="0" timestamp="2021-12-02T13:12:07 IST" skipped="0">
  <testcase classname="com.practice.strings.SherlockAndAnagrams" name="StringDemo" time="0.014"/>
  <system-out/>
</testsuite> <!-- com.practice.strings.SherlockAndAnagrams -->
