<?xml version="1.0" encoding="UTF-8"?>
<!-- Generated by org.testng.reporters.JUnitReportReporter -->
<testsuite hostname="DESKTOP-DO7M1Q3" failures="0" tests="1" name="com.practice.arrays.RotateArrays" time="0.020" errors="0" timestamp="2021-11-16T11:38:00 IST" skipped="0">
  <testcase classname="com.practice.arrays.RotateArrays" name="testcase1" time="0.020"/>
  <system-out/>
</testsuite> <!-- com.practice.arrays.RotateArrays -->
