<?xml version="1.0" encoding="UTF-8"?>
<!-- Generated by org.testng.reporters.JUnitReportReporter -->
<testsuite hostname="DESKTOP-DO7M1Q3" failures="0" tests="1" name="com.practice.basics.CurrencyDemo" time="0.111" errors="0" timestamp="2021-11-26T20:35:02 IST" skipped="0">
  <testcase classname="com.practice.basics.CurrencyDemo" name="formateCurrency" time="0.111"/>
  <system-out/>
</testsuite> <!-- com.practice.basics.CurrencyDemo -->
