<?xml version="1.0" encoding="UTF-8"?>
<!-- Generated by org.testng.reporters.JUnitReportReporter -->
<testsuite hostname="DESKTOP-DO7M1Q3" failures="0" tests="1" name="com.practice.arrays.ArrayManupulation" time="0.052" errors="0" timestamp="2021-11-16T23:42:25 IST" skipped="0">
  <testcase classname="com.practice.arrays.ArrayManupulation" name="testcase1" time="0.052"/>
  <system-out/>
</testsuite> <!-- com.practice.arrays.ArrayManupulation -->
