<?xml version="1.0" encoding="UTF-8"?>
<!-- Generated by org.testng.reporters.JUnitReportReporter -->
<testsuite hostname="DESKTOP-DO7M1Q3" failures="0" tests="1" name="com.practice.strings.SpecialString" time="9.263" errors="0" timestamp="2021-11-27T00:44:26 IST" skipped="0">
  <testcase classname="com.practice.strings.SpecialString" name="testCase1" time="9.263"/>
  <system-out/>
</testsuite> <!-- com.practice.strings.SpecialString -->
