<?xml version="1.0" encoding="UTF-8"?>
<!-- Generated by org.testng.reporters.JUnitReportReporter -->
<testsuite hostname="DESKTOP-DO7M1Q3" failures="0" tests="1" name="com.practice.basics.LoopsDemo" time="0.028" errors="0" timestamp="2021-11-26T18:56:31 IST" skipped="0">
  <testcase classname="com.practice.basics.LoopsDemo" name="testCase1" time="0.028"/>
  <system-out/>
</testsuite> <!-- com.practice.basics.LoopsDemo -->
