<?xml version="1.0" encoding="UTF-8"?>
<!-- Generated by org.testng.reporters.JUnitReportReporter -->
<testsuite hostname="DESKTOP-DO7M1Q3" failures="0" tests="1" name="com.practice.strings.ValidString" time="0.018" errors="0" timestamp="2021-11-20T01:03:05 IST" skipped="0">
  <testcase classname="com.practice.strings.ValidString" name="testcase" time="0.018"/>
  <system-out/>
</testsuite> <!-- com.practice.strings.ValidString -->
